  SocketHelper.cpp
c:\users\jerry\dropbox\bcit_cst\term_4\4985\protocolanalyzer\filetransfer\filetransfer\sockethelper.cpp(384): warning C4477: 'fprintf' : format string '%d' requires an argument of type 'int', but variadic argument 1 has type 'LONGLONG'
  c:\users\jerry\dropbox\bcit_cst\term_4\4985\protocolanalyzer\filetransfer\filetransfer\sockethelper.cpp(384): note: consider using '%lld' in the format string
  c:\users\jerry\dropbox\bcit_cst\term_4\4985\protocolanalyzer\filetransfer\filetransfer\sockethelper.cpp(384): note: consider using '%Id' in the format string
  c:\users\jerry\dropbox\bcit_cst\term_4\4985\protocolanalyzer\filetransfer\filetransfer\sockethelper.cpp(384): note: consider using '%I64d' in the format string
c:\users\jerry\dropbox\bcit_cst\term_4\4985\protocolanalyzer\filetransfer\filetransfer\sockethelper.cpp(385): warning C4477: 'fprintf' : format string '%d' requires an argument of type 'int', but variadic argument 1 has type 'LONGLONG'
  c:\users\jerry\dropbox\bcit_cst\term_4\4985\protocolanalyzer\filetransfer\filetransfer\sockethelper.cpp(385): note: consider using '%lld' in the format string
  c:\users\jerry\dropbox\bcit_cst\term_4\4985\protocolanalyzer\filetransfer\filetransfer\sockethelper.cpp(385): note: consider using '%Id' in the format string
  c:\users\jerry\dropbox\bcit_cst\term_4\4985\protocolanalyzer\filetransfer\filetransfer\sockethelper.cpp(385): note: consider using '%I64d' in the format string
c:\users\jerry\dropbox\bcit_cst\term_4\4985\protocolanalyzer\filetransfer\filetransfer\sockethelper.cpp(420): warning C4244: 'return': conversion from 'double' to 'long', possible loss of data
  Client.cpp
c:\users\jerry\dropbox\bcit_cst\term_4\4985\protocolanalyzer\filetransfer\filetransfer\client.cpp(253): warning C4244: '=': conversion from 'float' to 'int', possible loss of data
c:\users\jerry\dropbox\bcit_cst\term_4\4985\protocolanalyzer\filetransfer\filetransfer\client.cpp(279): warning C4551: function call missing argument list
c:\users\jerry\dropbox\bcit_cst\term_4\4985\protocolanalyzer\filetransfer\filetransfer\client.cpp(282): warning C4244: 'argument': conversion from 'double' to 'DWORD', possible loss of data
c:\users\jerry\dropbox\bcit_cst\term_4\4985\protocolanalyzer\filetransfer\filetransfer\client.cpp(317): warning C4267: 'argument': conversion from 'size_t' to 'DWORD', possible loss of data
c:\users\jerry\dropbox\bcit_cst\term_4\4985\protocolanalyzer\filetransfer\filetransfer\client.cpp(364): warning C4267: '=': conversion from 'size_t' to 'DWORD', possible loss of data
c:\users\jerry\dropbox\bcit_cst\term_4\4985\protocolanalyzer\filetransfer\filetransfer\client.cpp(415): warning C4018: '<': signed/unsigned mismatch
  Generating Code...
  FileTransfer.vcxproj -> C:\Users\Jerry\Dropbox\BCIT_CST\Term_4\4985\ProtocolAnalyzer\FileTransfer\x64\Debug\FileTransfer.exe
  FileTransfer.vcxproj -> C:\Users\Jerry\Dropbox\BCIT_CST\Term_4\4985\ProtocolAnalyzer\FileTransfer\x64\Debug\FileTransfer.pdb (Partial PDB)
